C51 COMPILER V9.01   MAIN                                                                  03/02/2019 11:53:54 PAGE 1   


C51 COMPILER V9.01, COMPILATION OF MODULE MAIN
OBJECT MODULE PLACED IN main.OBJ
COMPILER INVOKED BY: C:\Keil_v5\C51\BIN\C51.EXE main.c OPTIMIZE(8,SPEED) BROWSE DEBUG OBJECTEXTEND TABS(2)

line level    source

   1          #include<reg52.h>
   2          sbit Watch_1=P2^0;
   3          sbit Watch_2=P2^1;
   4          sbit Watch_3=P2^2;
   5          sbit Watch_4=P2^3;
   6          sbit LED_1=P0^0;
   7          sbit LED_2=P0^1;
   8          sbit LED_3=P0^2;
   9          sbit LED_4=P0^3;
  10          
  11          void UsartInit()
  12          {
  13   1        SCON=0X50;      //设置为工作方式1
  14   1        TMOD=0X20;      //设置计数器工作方式2
  15   1        PCON=0X80;      //波特率加倍
  16   1        TH1=0XFA;       //计数器初始值设置，注意波特率是4800的
  17   1        TL1=0XFA;
  18   1      //  ES=1;           //打开接收中断
  19   1      //  EA=1;           //打开总中断
  20   1        TR1=1;          //打开计数器
  21   1      }
  22          void main()
  23          { unsigned char tem;
  24   1        UsartInit();
  25   1        while(1)
  26   1        { tem=(P0<<4);
  27   2          switch (tem)
  28   2          {
  29   3            case 0x10:
  30   3                  LED_1=0;
  31   3                  LED_2=1;
  32   3                  LED_3=1;
  33   3                  LED_4=1;  //为真时语句
  34   3                  break;
  35   3                
  36   3            case 0x20:
  37   3                  LED_1=1;
  38   3                  LED_2=0;
  39   3                  LED_3=1;
  40   3                  LED_4=1;  //为真时语句
  41   3                  break;
  42   3            case 0x40:
  43   3                  LED_1=1;
  44   3                  LED_2=1;
  45   3                  LED_3=0;
  46   3                  LED_4=1;  //为真时语句
  47   3                  break;
  48   3            case 0x80:
  49   3                  LED_1=1;
  50   3                  LED_2=1;
  51   3                  LED_3=1;
  52   3                  LED_4=0;  //为真时语句
  53   3                  break;
  54   3            case 0x00:
  55   3                  LED_1=0;                     
C51 COMPILER V9.01   MAIN                                                                  03/02/2019 11:53:54 PAGE 2   

  56   3                  LED_2=0;
  57   3                  LED_3=0;
  58   3                  LED_4=0;  //为真时语句
  59   3                  break;
  60   3      
  61   3      
  62   3      
  63   3      
  64   3            case 0x90:
  65   3                  LED_1=1;                     
  66   3                  LED_2=1;
  67   3                  LED_3=1;
  68   3                  LED_4=1;  //为真时语句
  69   3                  tem=(P0<<4);
  70   3                  SBUF=tem;
  71   3                  while(!TI);
  72   3                  TI=0;
  73   3                  break;
  74   3                  
  75   3            case 0xa0:            
  76   3                  LED_1=1;                     
  77   3                  LED_2=1;
  78   3                  LED_3=1;
  79   3                  LED_4=1;  //为真时语句
  80   3                  tem=(P0<<4);
  81   3                  SBUF=tem;
  82   3                  while(!TI);
  83   3                  TI=0;
  84   3                  break;
  85   3            case 0xc0:
  86   3                  LED_1=1;                     
  87   3                  LED_2=1;
  88   3                  LED_3=1;
  89   3                  LED_4=1;  //为真时语句
  90   3                  tem=(P0<<4);
  91   3                  SBUF=tem;
  92   3                  while(!TI);
  93   3                  TI=0;
  94   3                  break;
  95   3            case 0x50:
  96   3                  LED_1=1;                     
  97   3                  LED_2=1;
  98   3                  LED_3=1;
  99   3                  LED_4=1;  //为真时语句
 100   3                  tem=(P0<<4);
 101   3                  SBUF=tem;
 102   3                  while(!TI);
 103   3                  TI=0;
 104   3                  break;
 105   3            case 0x60:
 106   3                  LED_1=1;                     
 107   3                  LED_2=1;
 108   3                  LED_3=1;
 109   3                  LED_4=1;  //为真时语句
 110   3                  tem=(P0<<4);
 111   3                  SBUF=tem;
 112   3                  while(!TI);
 113   3                  TI=0;
 114   3                  break;
 115   3            case 0x30:
 116   3                  LED_1=1;                     
 117   3                  LED_2=1;
C51 COMPILER V9.01   MAIN                                                                  03/02/2019 11:53:54 PAGE 3   

 118   3                  LED_3=1;
 119   3                  LED_4=1;  //为真时语句
 120   3                  tem=(P0<<4);
 121   3                  SBUF=tem;
 122   3                  while(!TI);
 123   3                  TI=0;
 124   3                  break;  
 125   3              
 126   3            default:break;
 127   3                  
 128   3          }
 129   2        }
 130   1      }


MODULE INFORMATION:   STATIC OVERLAYABLE
   CODE SIZE        =    255    ----
   CONSTANT SIZE    =   ----    ----
   XDATA SIZE       =   ----    ----
   PDATA SIZE       =   ----    ----
   DATA SIZE        =   ----    ----
   IDATA SIZE       =   ----    ----
   BIT SIZE         =   ----    ----
END OF MODULE INFORMATION.


C51 COMPILATION COMPLETE.  0 WARNING(S),  0 ERROR(S)
