C51 COMPILER V9.01   EXTI                                                                  03/03/2019 17:58:50 PAGE 1   


C51 COMPILER V9.01, COMPILATION OF MODULE EXTI
OBJECT MODULE PLACED IN ..\0BJECTS\exti.obj
COMPILER INVOKED BY: C:\Keil_v5\C51\BIN\C51.EXE ..\HAREWARE\exti.c OPTIMIZE(8,SPEED) BROWSE INCDIR(..\HAREWARE;..\USER) 
                    -DEBUG OBJECTEXTEND PRINT(.\Listings\exti.lst) TABS(2) OBJECT(..\0BJECTS\exti.obj)

line level    source

   1          #include "reg52.h"
   2          #include "main.h"
   3          #include "exti.h"
   4          #include "watch.h"
   5          /*********************************************************************************************
   6          函数名：定时/计数器初始化函数
   7          调  用：T_C_init();
   8          参  数：无
   9          返回值：无
  10          结  果：设置SFR中T/C1和（或）T/C0相关参数
  11          备  注：本函数控制T/C1和T/C0，不需要使用的部分可用//屏蔽
  12          /**********************************************************************************************/
  13          void T0_init (void){
  14   1        TMOD=0X21;      //设置计数器1和0  计数器1工作方式2   计数器0工作方式1
  15   1        EA = 1; //中断总开关
  16   1        
  17   1        
  18   1        TH0 = 0x3C; //16位计数寄存器T0高8位
  19   1        TL0 = 0xB0; //16位计数寄存器T0低8位（0x3CB0 = 50mS延时）
  20   1        ET0 = 1; //T/C0中断开关
  21   1        TR0 = 1; //T/C0启动开关
  22   1      }
  23          /**********************************************************************************************/
  24          
  25          
  26          /*********************************************************************************************
  27          函数名：定时/计数器0中断处理函数
  28          调  用：[T/C0溢出后中断处理]
  29          参  数：无
  30          返回值：无
  31          结  果：重新写入16位计数寄存器初始值，处理用户程序
  32          备  注：必须允许中断并启动T/C本函数方可有效，重新写入初值需和T_C_init函数一致
  33          /**********************************************************************************************/
  34          void T0_Check (void) interrupt 1  using 1{ //切换寄存器组到1
  35   1        TH0 = 0x3C; //16位计数寄存器T0高8位（重新写入初值）
  36   1        TL0 = 0xB0; //16位计数寄存器T0低8位（0x3CB0 = 50mS延时）
  37   1        State=Watch_State();
  38   1        Irrupt=Watch_Irrupt();
  39   1        //函数内容
  40   1      }
  41          /**********************************************************************************************/


MODULE INFORMATION:   STATIC OVERLAYABLE
   CODE SIZE        =     56    ----
   CONSTANT SIZE    =   ----    ----
   XDATA SIZE       =   ----    ----
   PDATA SIZE       =   ----    ----
   DATA SIZE        =   ----    ----
   IDATA SIZE       =   ----    ----
   BIT SIZE         =   ----    ----
END OF MODULE INFORMATION.


C51 COMPILATION COMPLETE.  0 WARNING(S),  0 ERROR(S)
