C51 COMPILER V9.01   LED                                                                   03/03/2019 17:58:50 PAGE 1   


C51 COMPILER V9.01, COMPILATION OF MODULE LED
OBJECT MODULE PLACED IN ..\0BJECTS\led.obj
COMPILER INVOKED BY: C:\Keil_v5\C51\BIN\C51.EXE ..\HAREWARE\led.c OPTIMIZE(8,SPEED) BROWSE INCDIR(..\HAREWARE;..\USER) D
                    -EBUG OBJECTEXTEND PRINT(.\Listings\led.lst) TABS(2) OBJECT(..\0BJECTS\led.obj)

line level    source

   1          #include "reg52.h"
   2          #include "led.h"
   3          #include "watch.h"
   4          
   5          void Change_Warning_Led()
   6          {
   7   1        switch (Taxiway_Watch){
   8   2                case 0x80:  Led_R3=1;
   9   2                            Led_R2=0;
  10   2                            Led_R1=0;   
  11   2                            break;
  12   2                case 0x40:  Led_R3=0;
  13   2                            Led_R2=1;
  14   2                            Led_R1=0;
  15   2                            break;
  16   2                case 0x20:  Led_R3=0;
  17   2                            Led_R2=0;
  18   2                            Led_R1=1;
  19   2                            break;
  20   2        }
  21   1      } 
  22          
  23          void Change_Taking_Off_Led()//∫Ïµ∆¡¡
  24          {
  25   1        Led_R4=1;
  26   1        Led_Y5=0;
  27   1        Led_G6=0;
  28   1        
  29   1      }
  30          void Change_Occupy_Led()//ª∆µ∆
  31          { Led_R4=0;
  32   1        Led_Y5=1;
  33   1        Led_G6=0;
  34   1      }
  35          void Change_Nothing_Led()//∂º≤ª¡¡
  36          { 
  37   1        Led_R4=0;
  38   1        Led_Y5=0;
  39   1        Led_G6=0;
  40   1      }
  41          void Change_Landing_Led()//¡¡ª∆µ∆
  42          {
  43   1        Led_R4=0;
  44   1        Led_Y5=0;
  45   1        Led_G6=1;
  46   1      }


MODULE INFORMATION:   STATIC OVERLAYABLE
   CODE SIZE        =     67    ----
   CONSTANT SIZE    =   ----    ----
   XDATA SIZE       =   ----    ----
   PDATA SIZE       =   ----    ----
   DATA SIZE        =   ----    ----
C51 COMPILER V9.01   LED                                                                   03/03/2019 17:58:50 PAGE 2   

   IDATA SIZE       =   ----    ----
   BIT SIZE         =   ----    ----
END OF MODULE INFORMATION.


C51 COMPILATION COMPLETE.  0 WARNING(S),  0 ERROR(S)
