C51 COMPILER V9.01   MAIN                                                                  03/03/2019 17:58:50 PAGE 1   


C51 COMPILER V9.01, COMPILATION OF MODULE MAIN
OBJECT MODULE PLACED IN ..\0BJECTS\main.obj
COMPILER INVOKED BY: C:\Keil_v5\C51\BIN\C51.EXE main.c OPTIMIZE(8,SPEED) BROWSE INCDIR(..\HAREWARE;..\USER) DEBUG OBJECT
                    -EXTEND PRINT(.\Listings\main.lst) TABS(2) OBJECT(..\0BJECTS\main.obj)

line level    source

   1          /**************************************************************************************
   2          *                 跑道入侵  主函数
   3          *
   4                                                    
   5          ***************************************************************************************/
   6          #include "reg52.h"
   7          #include "main.h"
   8          #include "chuankou.h"
   9          #include "exti.h"
  10          #include "led.h"
  11          
  12          char State=0x55;
  13          char Irrupt=0x55;
  14          
  15          void main(void)
  16          { 
  17   1        Usart_Init();
  18   1        T0_init ();
  19   1        while(1)
  20   1        { 
  21   2          switch(State)
  22   2          {     
  23   3            case TAKINGOFF:
  24   3                  if(Irrupt)
  25   3                  { 
  26   4                      Send_Warning();
  27   4                      Change_Warning_Led();
  28   4                  }
  29   3                  else
  30   3                  {   Change_Taking_Off_Led();              
  31   4                  }
  32   3                  break;
  33   3              
  34   3              
  35   3              
  36   3              
  37   3              
  38   3              case LANDING:
  39   3                  if(Irrupt) 
  40   3                  {   
  41   4                      Send_Warning();
  42   4                      Change_Warning_Led();
  43   4                  }             
  44   3                  else
  45   3                  {   Change_Landing_Led();             
  46   4                  }
  47   3                  break;
  48   3                  
  49   3                  
  50   3              case ROAD_OCCUPY:
  51   3                 if(Irrupt) 
  52   3                  {   
  53   4                      Send_Warning();
  54   4                      Change_Warning_Led();
C51 COMPILER V9.01   MAIN                                                                  03/03/2019 17:58:50 PAGE 2   

  55   4                  }             
  56   3                  else
  57   3                  {   Change_Occupy_Led();              
  58   4                  }
  59   3                  break;
  60   3                  
  61   3                  
  62   3                  
  63   3                  
  64   3              case NOTHING:
  65   3                  if(Irrupt) 
  66   3                  {                 
  67   4                      Change_Occupy_Led();
  68   4                  }             
  69   3                  else
  70   3                  {   Change_Nothing_Led();             
  71   4                  }
  72   3                  break;
  73   3              
  74   3          }
  75   2        }
  76   1      }


MODULE INFORMATION:   STATIC OVERLAYABLE
   CODE SIZE        =     69    ----
   CONSTANT SIZE    =   ----    ----
   XDATA SIZE       =   ----    ----
   PDATA SIZE       =   ----    ----
   DATA SIZE        =      2    ----
   IDATA SIZE       =   ----    ----
   BIT SIZE         =   ----    ----
END OF MODULE INFORMATION.


C51 COMPILATION COMPLETE.  0 WARNING(S),  0 ERROR(S)
